<?xml version="1.0" encoding="UTF-8"?>
<!-- Generated by org.testng.reporters.JUnitReportReporter -->
<testsuite hostname="Adarsh" failures="0" tests="1" name="com.rmgyantra.withbddTest.GetAllProjectTest" time="14.772" errors="0" timestamp="2021-07-30T16:21:59 IST" skipped="0">
  <testcase classname="com.rmgyantra.withbddTest.GetAllProjectTest" name="getProjects" time="14.772"/>
  <system-out/>
</testsuite> <!-- com.rmgyantra.withbddTest.GetAllProjectTest -->
