<?xml version="1.0" encoding="UTF-8"?>
<!-- Generated by org.testng.reporters.JUnitReportReporter -->
<testsuite hostname="Adarsh" failures="0" tests="1" name="com.Authentication.BearerTokenAuthTest" time="8.684" errors="0" timestamp="2021-07-31T16:14:11 IST" skipped="0">
  <testcase classname="com.Authentication.BearerTokenAuthTest" name="beraerToken" time="8.684"/>
  <system-out/>
</testsuite> <!-- com.Authentication.BearerTokenAuthTest -->
