<?xml version="1.0" encoding="UTF-8"?>
<!-- Generated by org.testng.reporters.JUnitReportReporter -->
<testsuite hostname="Adarsh" failures="0" tests="1" name="com.rmgyantra.fourWaysToPostRequest.UsingJsonFileTest" time="13.862" errors="0" timestamp="2021-07-29T17:56:42 IST" skipped="0">
  <testcase classname="com.rmgyantra.fourWaysToPostRequest.UsingJsonFileTest" name="jsonFileCreate" time="13.862"/>
  <system-out/>
</testsuite> <!-- com.rmgyantra.fourWaysToPostRequest.UsingJsonFileTest -->
