<?xml version="1.0" encoding="UTF-8"?>
<!-- Generated by org.testng.reporters.JUnitReportReporter -->
<testsuite hostname="Adarsh" failures="0" tests="1" name="com.Requestchaining.ChainingTest" time="8.189" errors="0" timestamp="2021-07-31T15:44:10 IST" skipped="0">
  <testcase classname="com.Requestchaining.ChainingTest" name="chain" time="8.189"/>
  <system-out/>
</testsuite> <!-- com.Requestchaining.ChainingTest -->
