<?xml version="1.0" encoding="UTF-8"?>
<!-- Generated by org.testng.reporters.JUnitReportReporter -->
<testsuite hostname="Adarsh" failures="0" tests="1" name="com.rmgyantra.fourWaysToPostRequest.CreateProjectTest" time="8.629" errors="0" timestamp="2021-07-29T17:40:21 IST" skipped="0">
  <testcase classname="com.rmgyantra.fourWaysToPostRequest.CreateProjectTest" name="create" time="8.629"/>
  <system-out/>
</testsuite> <!-- com.rmgyantra.fourWaysToPostRequest.CreateProjectTest -->
