<?xml version="1.0" encoding="UTF-8"?>
<!-- Generated by org.testng.reporters.JUnitReportReporter -->
<testsuite hostname="Adarsh" failures="0" tests="1" name="com.Authentication.Auth2Test" time="8.927" errors="0" timestamp="2021-07-31T17:05:56 IST" skipped="0">
  <testcase classname="com.Authentication.Auth2Test" name="auth2" time="8.927"/>
  <system-out/>
</testsuite> <!-- com.Authentication.Auth2Test -->
