<?xml version="1.0" encoding="UTF-8"?>
<!-- Generated by org.testng.reporters.JUnitReportReporter -->
<testsuite hostname="Adarsh" failures="0" tests="1" name="ResponseValidation.ValidateStaticResponseTest" time="9.406" errors="0" timestamp="2021-07-30T16:42:04 IST" skipped="0">
  <testcase classname="ResponseValidation.ValidateStaticResponseTest" name="staticResponse" time="9.406"/>
  <system-out/>
</testsuite> <!-- ResponseValidation.ValidateStaticResponseTest -->
