<?xml version="1.0" encoding="UTF-8"?>
<!-- Generated by org.testng.reporters.JUnitReportReporter -->
<testsuite hostname="Adarsh" failures="0" tests="1" name="com.ramgyantra.projectTest.CreateProjectWithCompletedStatusUsingFrameworkTest" time="7.797" errors="0" timestamp="2021-08-02T17:42:41 IST" skipped="0">
  <testcase classname="com.ramgyantra.projectTest.CreateProjectWithCompletedStatusUsingFrameworkTest" name="createProject" time="7.797"/>
  <system-out/>
</testsuite> <!-- com.ramgyantra.projectTest.CreateProjectWithCompletedStatusUsingFrameworkTest -->
