<?xml version="1.0" encoding="UTF-8"?>
<!-- Generated by org.testng.reporters.JUnitReportReporter -->
<testsuite hostname="Adarsh" failures="0" tests="1" name="com.rmgyantra.withbddTest.DeleteProjectTest" time="9.608" errors="0" timestamp="2021-07-29T16:51:52 IST" skipped="0">
  <testcase classname="com.rmgyantra.withbddTest.DeleteProjectTest" name="deleteprojects" time="9.608"/>
  <system-out/>
</testsuite> <!-- com.rmgyantra.withbddTest.DeleteProjectTest -->
