<?xml version="1.0" encoding="UTF-8"?>
<!-- Generated by org.testng.reporters.JUnitReportReporter -->
<testsuite hostname="Adarsh" failures="0" tests="1" name="com.rmgyantra.withbddTest.CompleteUpdateTest" time="11.078" errors="0" timestamp="2021-07-29T17:08:02 IST" skipped="0">
  <testcase classname="com.rmgyantra.withbddTest.CompleteUpdateTest" name="update" time="11.078"/>
  <system-out/>
</testsuite> <!-- com.rmgyantra.withbddTest.CompleteUpdateTest -->
