<?xml version="1.0" encoding="UTF-8"?>
<!-- Generated by org.testng.reporters.JUnitReportReporter -->
<testsuite hostname="Adarsh" failures="0" tests="3" name="ResponseValidation.CreateProjectUsingMultipleDataTest" time="26.608" errors="0" timestamp="2021-07-30T16:11:59 IST" skipped="0">
  <testcase classname="ResponseValidation.CreateProjectUsingMultipleDataTest" name="createProject" time="25.817"/>
  <system-out/>
  <testcase classname="ResponseValidation.CreateProjectUsingMultipleDataTest" name="createProject" time="0.315"/>
  <system-out/>
  <testcase classname="ResponseValidation.CreateProjectUsingMultipleDataTest" name="createProject" time="0.476"/>
  <system-out/>
</testsuite> <!-- ResponseValidation.CreateProjectUsingMultipleDataTest -->
