<?xml version="1.0" encoding="UTF-8"?>
<!-- Generated by org.testng.reporters.JUnitReportReporter -->
<testsuite hostname="Adarsh" failures="0" tests="1" name="com.parameters.QuerryParameterTest" time="8.980" errors="0" timestamp="2021-07-31T11:57:06 IST" skipped="0">
  <testcase classname="com.parameters.QuerryParameterTest" name="parameter" time="8.980"/>
  <system-out/>
</testsuite> <!-- com.parameters.QuerryParameterTest -->
