<?xml version="1.0" encoding="UTF-8"?>
<!-- Generated by org.testng.reporters.JUnitReportReporter -->
<testsuite hostname="Adarsh" failures="0" tests="1" name="ResponseValidation.ValidateDynamicResponseTest" time="9.175" errors="0" timestamp="2021-07-30T16:56:16 IST" skipped="0">
  <testcase classname="ResponseValidation.ValidateDynamicResponseTest" name="dyanmicResponse" time="9.175"/>
  <system-out/>
</testsuite> <!-- ResponseValidation.ValidateDynamicResponseTest -->
