<?xml version="1.0" encoding="UTF-8"?>
<!-- Generated by org.testng.reporters.JUnitReportReporter -->
<testsuite hostname="Adarsh" failures="0" tests="1" name="com.rmgyantra.withbddTest.CreateProjectTest" time="9.152" errors="0" timestamp="2021-07-29T16:57:40 IST" skipped="0">
  <testcase classname="com.rmgyantra.withbddTest.CreateProjectTest" name="create" time="9.152"/>
  <system-out/>
</testsuite> <!-- com.rmgyantra.withbddTest.CreateProjectTest -->
