<?xml version="1.0" encoding="UTF-8"?>
<!-- Generated by org.testng.reporters.JUnitReportReporter -->
<testsuite hostname="Adarsh" failures="0" tests="1" name="com.parameters.FormParamterTest" time="7.782" errors="0" timestamp="2021-07-31T12:24:50 IST" skipped="0">
  <testcase classname="com.parameters.FormParamterTest" name="paramter" time="7.782"/>
  <system-out/>
</testsuite> <!-- com.parameters.FormParamterTest -->
