<?xml version="1.0" encoding="UTF-8"?>
<!-- Generated by org.testng.reporters.JUnitReportReporter -->
<testsuite hostname="Adarsh" failures="0" tests="1" name="com.rmgyantra.fourWaysToPostRequest.UsingHashMap" time="20.450" errors="0" timestamp="2021-07-29T17:34:23 IST" skipped="0">
  <testcase classname="com.rmgyantra.fourWaysToPostRequest.UsingHashMap" name="createSuingmap" time="20.450"/>
  <system-out/>
</testsuite> <!-- com.rmgyantra.fourWaysToPostRequest.UsingHashMap -->
