<?xml version="1.0" encoding="UTF-8"?>
<!-- Generated by org.testng.reporters.JUnitReportReporter -->
<testsuite hostname="Adarsh" failures="0" tests="1" name="com.rmgyantra.fourWaysToPostRequest.UsingJsonFile" time="25.657" errors="0" timestamp="2021-07-29T17:46:34 IST" skipped="0">
  <testcase classname="com.rmgyantra.fourWaysToPostRequest.UsingJsonFile" name="jsonFileCreate" time="25.657"/>
  <system-out/>
</testsuite> <!-- com.rmgyantra.fourWaysToPostRequest.UsingJsonFile -->
