<?xml version="1.0" encoding="UTF-8"?>
<!-- Generated by org.testng.reporters.JUnitReportReporter -->
<testsuite hostname="Sravanthi" failures="0" tests="1" name="com.ramgyantra.projectTest.CreateProjectWithCompletedStatusTest" time="13.398" errors="0" timestamp="2021-08-03T10:48:45 IST" skipped="0">
  <testcase classname="com.ramgyantra.projectTest.CreateProjectWithCompletedStatusTest" name="createProjectWithCompletedStatus" time="13.398"/>
  <system-out/>
</testsuite> <!-- com.ramgyantra.projectTest.CreateProjectWithCompletedStatusTest -->
