<?xml version="1.0" encoding="UTF-8"?>
<!-- Generated by org.testng.reporters.JUnitReportReporter -->
<testsuite hostname="Adarsh" failures="0" tests="1" name="com.parameters.PathParameterTest" time="6.581" errors="0" timestamp="2021-07-31T11:51:27 IST" skipped="0">
  <testcase classname="com.parameters.PathParameterTest" name="parameter" time="6.581"/>
  <system-out/>
</testsuite> <!-- com.parameters.PathParameterTest -->
