<?xml version="1.0" encoding="UTF-8"?>
<!-- Generated by org.testng.reporters.JUnitReportReporter -->
<testsuite hostname="Adarsh" failures="0" tests="1" name="com.parameters.PathParameterUSingGitTest" time="26.669" errors="0" timestamp="2021-07-31T12:39:37 IST" skipped="0">
  <testcase classname="com.parameters.PathParameterUSingGitTest" name="paramter" time="26.669"/>
  <system-out/>
</testsuite> <!-- com.parameters.PathParameterUSingGitTest -->
